<?xml version="1.0" encoding="UTF-8"?>
<testng-results ignored="0" total="1" passed="1" failed="0" skipped="0">
  <reporter-output>
  </reporter-output>
  <suite started-at="2021-11-22T13:10:20 IST" name="Default suite" finished-at="2021-11-22T13:10:51 IST" duration-ms="30559">
    <groups>
    </groups>
    <test started-at="2021-11-22T13:10:20 IST" name="Default test" finished-at="2021-11-22T13:10:51 IST" duration-ms="30559">
      <class name="test.WordPress">
        <test-method is-config="true" signature="beforeMethod()[pri:0, instance:test.WordPress@7674f035]" started-at="2021-11-22T13:10:20 IST" name="beforeMethod" finished-at="2021-11-22T13:10:37 IST" duration-ms="16113" status="PASS">
          <reporter-output>
          </reporter-output>
        </test-method> <!-- beforeMethod -->
        <test-method signature="eWordPressPosts()[pri:0, instance:test.WordPress@7674f035]" started-at="2021-11-22T13:10:37 IST" name="eWordPressPosts" finished-at="2021-11-22T13:10:50 IST" duration-ms="13545" status="PASS">
          <reporter-output>
          </reporter-output>
        </test-method> <!-- eWordPressPosts -->
        <test-method is-config="true" signature="afterMethod()[pri:0, instance:test.WordPress@7674f035]" started-at="2021-11-22T13:10:50 IST" name="afterMethod" finished-at="2021-11-22T13:10:51 IST" duration-ms="862" status="PASS">
          <reporter-output>
          </reporter-output>
        </test-method> <!-- afterMethod -->
      </class> <!-- test.WordPress -->
    </test> <!-- Default test -->
  </suite> <!-- Default suite -->
</testng-results>
