<?xml version="1.0" encoding="UTF-8"?>
<!-- Generated by org.testng.reporters.JUnitXMLReporter -->
<testsuite ignored="0" hostname="HJNZL001956" failures="0" tests="4" name="Test" time="106.19" errors="0" timestamp="2021-11-22T19:00:06 IST">
  <testcase classname="test.postsTest" name="aUncategoriesedPosts" time="17.815"/>
  <testcase classname="test.postsTest" name="bCategoryThenPosts" time="17.324"/>
  <testcase classname="test.postsTest" name="cCatgoryDuringPosts" time="16.711"/>
  <testcase classname="test.postsTest" name="dDeletePosts" time="18.79"/>
</testsuite> <!-- Test -->
