<?xml version="1.0" encoding="UTF-8"?>
<testng-results ignored="0" total="2" passed="2" failed="0" skipped="0">
  <reporter-output>
  </reporter-output>
  <suite started-at="2021-11-15T18:12:50 IST" name="Default suite" finished-at="2021-11-15T18:13:05 IST" duration-ms="15347">
    <groups>
    </groups>
    <test started-at="2021-11-15T18:12:50 IST" name="Default test" finished-at="2021-11-15T18:13:05 IST" duration-ms="15347">
      <class name="test.WordPress">
        <test-method is-config="true" signature="beforeClass()[pri:0, instance:test.WordPress@1500b2f3]" started-at="2021-11-15T18:12:50 IST" name="beforeClass" finished-at="2021-11-15T18:12:53 IST" duration-ms="3362" status="PASS">
          <reporter-output>
          </reporter-output>
        </test-method> <!-- beforeClass -->
        <test-method signature="TestLogin()[pri:0, instance:test.WordPress@1500b2f3]" started-at="2021-11-15T18:12:53 IST" name="TestLogin" finished-at="2021-11-15T18:12:56 IST" duration-ms="3004" status="PASS">
          <reporter-output>
          </reporter-output>
        </test-method> <!-- TestLogin -->
        <test-method signature="TestMedia()[pri:0, instance:test.WordPress@1500b2f3]" started-at="2021-11-15T18:12:56 IST" name="TestMedia" finished-at="2021-11-15T18:13:02 IST" duration-ms="5981" status="PASS">
          <reporter-output>
          </reporter-output>
        </test-method> <!-- TestMedia -->
        <test-method is-config="true" signature="afterClass()[pri:0, instance:test.WordPress@1500b2f3]" started-at="2021-11-15T18:13:02 IST" name="afterClass" finished-at="2021-11-15T18:13:05 IST" duration-ms="2964" status="PASS">
          <reporter-output>
          </reporter-output>
        </test-method> <!-- afterClass -->
      </class> <!-- test.WordPress -->
    </test> <!-- Default test -->
  </suite> <!-- Default suite -->
</testng-results>
